<?xml version="1.0" encoding="UTF-8"?>
<testsuite name="testSuites.Prueba" tests="1" skipped="0" failures="0" errors="0" timestamp="2023-03-24T04:01:42" hostname="DESKTOP-7Q4ABER" time="1.795">
  <properties/>
  <testcase name="buscarPerroEnGoogle" classname="testSuites.Prueba" time="1.795"/>
  <system-out><![CDATA[]]></system-out>
  <system-err><![CDATA[]]></system-err>
</testsuite>
